<?xml version="1.0" encoding="UTF-8"?>
<testng-results ignored="0" total="1" passed="1" failed="0" skipped="0">
  <reporter-output>
  </reporter-output>
  <suite started-at="2023-07-07T15:39:53 IST" name="Suite" finished-at="2023-07-07T15:40:07 IST" duration-ms="14687">
    <groups>
    </groups>
    <test started-at="2023-07-07T15:39:53 IST" name="Test" finished-at="2023-07-07T15:40:07 IST" duration-ms="14687">
      <class name="WebApp_July.OHLoginJuly">
        <test-method signature="VerifyTitle()[pri:0, instance:WebApp_July.OHLoginJuly@193f604a]" started-at="2023-07-07T15:39:53 IST" name="VerifyTitle" finished-at="2023-07-07T15:40:07 IST" duration-ms="14542" status="PASS">
          <reporter-output>
          </reporter-output>
        </test-method> <!-- VerifyTitle -->
      </class> <!-- WebApp_July.OHLoginJuly -->
    </test> <!-- Test -->
  </suite> <!-- Suite -->
</testng-results>
