<?xml version="1.0" encoding="UTF-8"?>
<testng-results ignored="0" total="1" passed="1" failed="0" skipped="0">
  <reporter-output>
  </reporter-output>
  <suite started-at="2023-07-06T20:14:07 IST" name="Default suite" finished-at="2023-07-06T20:14:20 IST" duration-ms="12491">
    <groups>
    </groups>
    <test started-at="2023-07-06T20:14:07 IST" name="Default test" finished-at="2023-07-06T20:14:20 IST" duration-ms="12491">
      <class name="WebApp_July.OHLoginJuly">
        <test-method signature="VerifyTitle()[pri:0, instance:WebApp_July.OHLoginJuly@7d4f9aae]" started-at="2023-07-06T20:14:07 IST" name="VerifyTitle" finished-at="2023-07-06T20:14:20 IST" duration-ms="12382" status="PASS">
          <reporter-output>
          </reporter-output>
        </test-method> <!-- VerifyTitle -->
      </class> <!-- WebApp_July.OHLoginJuly -->
    </test> <!-- Default test -->
  </suite> <!-- Default suite -->
</testng-results>
